CRITICAL - 2025-04-02 11:02:19 --> Call to a member function isValid() on null
#0 /home/jaime/Projects/videology-vod/vendor/codeigniter4/framework/system/CodeIgniter.php(935): App\Controllers\UploadController->upload()
#1 /home/jaime/Projects/videology-vod/vendor/codeigniter4/framework/system/CodeIgniter.php(431): CodeIgniter\CodeIgniter->runController(Object(App\Controllers\UploadController))
#2 /home/jaime/Projects/videology-vod/vendor/codeigniter4/framework/system/CodeIgniter.php(332): CodeIgniter\CodeIgniter->handleRequest(NULL, Object(Config\Cache), false)
#3 /home/jaime/Projects/videology-vod/public/index.php(44): CodeIgniter\CodeIgniter->run()
#4 /home/jaime/Projects/videology-vod/vendor/codeigniter4/framework/system/Commands/Server/rewrite.php(45): require_once('/home/jaime/Pro...')
#5 {main}
CRITICAL - 2025-04-02 11:02:44 --> Call to a member function isValid() on null
#0 /home/jaime/Projects/videology-vod/vendor/codeigniter4/framework/system/CodeIgniter.php(935): App\Controllers\UploadController->upload()
#1 /home/jaime/Projects/videology-vod/vendor/codeigniter4/framework/system/CodeIgniter.php(431): CodeIgniter\CodeIgniter->runController(Object(App\Controllers\UploadController))
#2 /home/jaime/Projects/videology-vod/vendor/codeigniter4/framework/system/CodeIgniter.php(332): CodeIgniter\CodeIgniter->handleRequest(NULL, Object(Config\Cache), false)
#3 /home/jaime/Projects/videology-vod/public/index.php(44): CodeIgniter\CodeIgniter->run()
#4 /home/jaime/Projects/videology-vod/vendor/codeigniter4/framework/system/Commands/Server/rewrite.php(45): require_once('/home/jaime/Pro...')
#5 {main}
CRITICAL - 2025-04-02 11:06:44 --> Call to a member function isValid() on null
#0 /home/jaime/Projects/videology-vod/vendor/codeigniter4/framework/system/CodeIgniter.php(935): App\Controllers\UploadController->upload()
#1 /home/jaime/Projects/videology-vod/vendor/codeigniter4/framework/system/CodeIgniter.php(431): CodeIgniter\CodeIgniter->runController(Object(App\Controllers\UploadController))
#2 /home/jaime/Projects/videology-vod/vendor/codeigniter4/framework/system/CodeIgniter.php(332): CodeIgniter\CodeIgniter->handleRequest(NULL, Object(Config\Cache), false)
#3 /home/jaime/Projects/videology-vod/public/index.php(44): CodeIgniter\CodeIgniter->run()
#4 /home/jaime/Projects/videology-vod/vendor/codeigniter4/framework/system/Commands/Server/rewrite.php(45): require_once('/home/jaime/Pro...')
#5 {main}
